<?xml version="1.0" encoding="UTF-8"?>
<!-- Generated by org.testng.reporters.JUnitReportReporter -->
<testsuite hostname="LAPTOP-IPPH7RQE" failures="0" tests="1" name="testclasses.OnlinePlansVerificationTest" time="0.011" errors="0" timestamp="2022-04-12T13:42:28 IST" skipped="0">
  <testcase classname="testclasses.OnlinePlansVerificationTest" name="verifyUrl" time="0.011"/>
  <system-out/>
</testsuite> <!-- testclasses.OnlinePlansVerificationTest -->
